Flow report for lift
Sun Nov 10 19:26:05 2019
Quartus II 64-Bit Version 13.0.1 Build 232 06/12/2013 Service Pack 1 SJ Web Edition


---------------------
; Table of Contents ;
---------------------
  1. Legal Notice
  2. Flow Summary
  3. Flow Settings
  4. Flow Non-Default Global Settings
  5. Flow Elapsed Time
  6. Flow OS Summary
  7. Flow Log
  8. Flow Messages
  9. Flow Suppressed Messages



----------------
; Legal Notice ;
----------------
Copyright (C) 1991-2013 Altera Corporation
Your use of Altera Corporation's design tools, logic functions 
and other software and tools, and its AMPP partner logic 
functions, and any output files from any of the foregoing 
(including device programming or simulation files), and any 
associated documentation or information are expressly subject 
to the terms and conditions of the Altera Program License 
Subscription Agreement, Altera MegaCore Function License 
Agreement, or other applicable license agreement, including, 
without limitation, that your use is for the sole purpose of 
programming logic devices manufactured by Altera and sold by 
Altera or its authorized distributors.  Please refer to the 
applicable agreement for further details.



+--------------------------------------------------------------------------------------+
; Flow Summary                                                                         ;
+------------------------------------+-------------------------------------------------+
; Flow Status                        ; Successful - Sun Nov 10 19:26:05 2019           ;
; Quartus II 64-Bit Version          ; 13.0.1 Build 232 06/12/2013 SP 1 SJ Web Edition ;
; Revision Name                      ; lift                                            ;
; Top-level Entity Name              ; lift                                            ;
; Family                             ; Cyclone II                                      ;
; Device                             ; EP2C70F896C6                                    ;
; Timing Models                      ; Final                                           ;
; Total logic elements               ; 152 / 68,416 ( < 1 % )                          ;
;     Total combinational functions  ; 141 / 68,416 ( < 1 % )                          ;
;     Dedicated logic registers      ; 83 / 68,416 ( < 1 % )                           ;
; Total registers                    ; 83                                              ;
; Total pins                         ; 39 / 622 ( 6 % )                                ;
; Total virtual pins                 ; 0                                               ;
; Total memory bits                  ; 0 / 1,152,000 ( 0 % )                           ;
; Embedded Multiplier 9-bit elements ; 0 / 300 ( 0 % )                                 ;
; Total PLLs                         ; 0 / 4 ( 0 % )                                   ;
+------------------------------------+-------------------------------------------------+


+-----------------------------------------+
; Flow Settings                           ;
+-------------------+---------------------+
; Option            ; Setting             ;
+-------------------+---------------------+
; Start date & time ; 11/10/2019 19:25:28 ;
; Main task         ; Compilation         ;
; Revision Name     ; lift                ;
+-------------------+---------------------+


+-----------------------------------------------------------------------------------------------------------------------------+
; Flow Non-Default Global Settings                                                                                            ;
+--------------------------------------+---------------------------------------+---------------+-------------+----------------+
; Assignment Name                      ; Value                                 ; Default Value ; Entity Name ; Section Id     ;
+--------------------------------------+---------------------------------------+---------------+-------------+----------------+
; COMPILER_SIGNATURE_ID                ; 255984294701935.157339412719360       ; --            ; --          ; --             ;
; EDA_DESIGN_INSTANCE_NAME             ; NA                                    ; --            ; --          ; debounce_tb    ;
; EDA_DESIGN_INSTANCE_NAME             ; NA                                    ; --            ; --          ; floor_led_tb   ;
; EDA_DESIGN_INSTANCE_NAME             ; NA                                    ; --            ; --          ; ud_disp_tb     ;
; EDA_DESIGN_INSTANCE_NAME             ; NA                                    ; --            ; --          ; liftsm_tb      ;
; EDA_NATIVELINK_SIMULATION_TEST_BENCH ; liftsm_tb                             ; --            ; --          ; eda_simulation ;
; EDA_OUTPUT_DATA_FORMAT               ; Verilog Hdl                           ; --            ; --          ; eda_simulation ;
; EDA_SIMULATION_TOOL                  ; ModelSim-Altera (Verilog)             ; <None>        ; --          ; --             ;
; EDA_TEST_BENCH_ENABLE_STATUS         ; TEST_BENCH_MODE                       ; --            ; --          ; eda_simulation ;
; EDA_TEST_BENCH_FILE                  ; hdl/debounce_tb.v                     ; --            ; --          ; debounce_tb    ;
; EDA_TEST_BENCH_FILE                  ; hdl/floor_led_tb.v                    ; --            ; --          ; floor_led_tb   ;
; EDA_TEST_BENCH_FILE                  ; hdl/ud_disp_tb.v                      ; --            ; --          ; ud_disp_tb     ;
; EDA_TEST_BENCH_FILE                  ; hdl/liftsm_tb.v                       ; --            ; --          ; liftsm_tb      ;
; EDA_TEST_BENCH_MODULE_NAME           ; debounce_tb                           ; --            ; --          ; debounce_tb    ;
; EDA_TEST_BENCH_MODULE_NAME           ; floor_led_tb                          ; --            ; --          ; floor_led_tb   ;
; EDA_TEST_BENCH_MODULE_NAME           ; ud_disp_tb                            ; --            ; --          ; ud_disp_tb     ;
; EDA_TEST_BENCH_MODULE_NAME           ; liftsm_tb                             ; --            ; --          ; liftsm_tb      ;
; EDA_TEST_BENCH_NAME                  ; debounce_tb                           ; --            ; --          ; eda_simulation ;
; EDA_TEST_BENCH_NAME                  ; floor_led_tb                          ; --            ; --          ; eda_simulation ;
; EDA_TEST_BENCH_NAME                  ; ud_disp_tb                            ; --            ; --          ; eda_simulation ;
; EDA_TEST_BENCH_NAME                  ; liftsm_tb                             ; --            ; --          ; eda_simulation ;
; EDA_TIME_SCALE                       ; 1 ps                                  ; --            ; --          ; eda_simulation ;
; MAX_CORE_JUNCTION_TEMP               ; 85                                    ; --            ; --          ; --             ;
; MIN_CORE_JUNCTION_TEMP               ; 0                                     ; --            ; --          ; --             ;
; PARTITION_COLOR                      ; 16764057                              ; --            ; --          ; Top            ;
; PARTITION_FITTER_PRESERVATION_LEVEL  ; PLACEMENT_AND_ROUTING                 ; --            ; --          ; Top            ;
; PARTITION_NETLIST_TYPE               ; SOURCE                                ; --            ; --          ; Top            ;
; POWER_BOARD_THERMAL_MODEL            ; None (CONSERVATIVE)                   ; --            ; --          ; --             ;
; POWER_PRESET_COOLING_SOLUTION        ; 23 MM HEAT SINK WITH 200 LFPM AIRFLOW ; --            ; --          ; --             ;
; PROJECT_OUTPUT_DIRECTORY             ; output_files                          ; --            ; --          ; --             ;
+--------------------------------------+---------------------------------------+---------------+-------------+----------------+


+-------------------------------------------------------------------------------------------------------------------------------+
; Flow Elapsed Time                                                                                                             ;
+---------------------------+--------------+-------------------------+---------------------+------------------------------------+
; Module Name               ; Elapsed Time ; Average Processors Used ; Peak Virtual Memory ; Total CPU Time (on all processors) ;
+---------------------------+--------------+-------------------------+---------------------+------------------------------------+
; Analysis & Synthesis      ; 00:00:04     ; 1.0                     ; 4595 MB             ; 00:00:03                           ;
; Fitter                    ; 00:00:19     ; 1.0                     ; 4982 MB             ; 00:00:17                           ;
; Assembler                 ; 00:00:06     ; 1.0                     ; 4576 MB             ; 00:00:05                           ;
; TimeQuest Timing Analyzer ; 00:00:02     ; 1.0                     ; 4566 MB             ; 00:00:02                           ;
; EDA Netlist Writer        ; 00:00:01     ; 1.0                     ; 4523 MB             ; 00:00:01                           ;
; Total                     ; 00:00:32     ; --                      ; --                  ; 00:00:28                           ;
+---------------------------+--------------+-------------------------+---------------------+------------------------------------+


+----------------------------------------------------------------------------------------+
; Flow OS Summary                                                                        ;
+---------------------------+------------------+-----------+------------+----------------+
; Module Name               ; Machine Hostname ; OS Name   ; OS Version ; Processor type ;
+---------------------------+------------------+-----------+------------+----------------+
; Analysis & Synthesis      ; Suraj-Laptop     ; Windows 7 ; 6.2        ; x86_64         ;
; Fitter                    ; Suraj-Laptop     ; Windows 7 ; 6.2        ; x86_64         ;
; Assembler                 ; Suraj-Laptop     ; Windows 7 ; 6.2        ; x86_64         ;
; TimeQuest Timing Analyzer ; Suraj-Laptop     ; Windows 7 ; 6.2        ; x86_64         ;
; EDA Netlist Writer        ; Suraj-Laptop     ; Windows 7 ; 6.2        ; x86_64         ;
+---------------------------+------------------+-----------+------------+----------------+


------------
; Flow Log ;
------------
quartus_map --read_settings_files=on --write_settings_files=off lift -c lift
quartus_fit --read_settings_files=off --write_settings_files=off lift -c lift
quartus_asm --read_settings_files=off --write_settings_files=off lift -c lift
quartus_sta lift -c lift
quartus_eda --read_settings_files=off --write_settings_files=off lift -c lift



