Analysis & Synthesis report for lift
Sun Nov 10 19:25:31 2019
Quartus II 64-Bit Version 13.0.1 Build 232 06/12/2013 Service Pack 1 SJ Web Edition


---------------------
; Table of Contents ;
---------------------
  1. Legal Notice
  2. Analysis & Synthesis Summary
  3. Analysis & Synthesis Settings
  4. Parallel Compilation
  5. Analysis & Synthesis Source Files Read
  6. Analysis & Synthesis Resource Usage Summary
  7. Analysis & Synthesis Resource Utilization by Entity
  8. State Machine - |lift|lift_sm:sm0|sm
  9. Registers Removed During Synthesis
 10. General Register Statistics
 11. Inverted Register Statistics
 12. Multiplexer Restructuring Statistics (Restructuring Performed)
 13. Parameter Settings for User Entity Instance: clkref:c0
 14. Parameter Settings for User Entity Instance: leveltg_led:tg_0
 15. Parameter Settings for User Entity Instance: level2_led:f0
 16. Parameter Settings for User Entity Instance: leveltg_led:tg_2
 17. Parameter Settings for User Entity Instance: ud_disp:ud0
 18. Parameter Settings for User Entity Instance: number_disp:nd0
 19. Parameter Settings for User Entity Instance: lift_sm:sm0
 20. Elapsed Time Per Partition
 21. Analysis & Synthesis Messages
 22. Analysis & Synthesis Suppressed Messages



----------------
; Legal Notice ;
----------------
Copyright (C) 1991-2013 Altera Corporation
Your use of Altera Corporation's design tools, logic functions 
and other software and tools, and its AMPP partner logic 
functions, and any output files from any of the foregoing 
(including device programming or simulation files), and any 
associated documentation or information are expressly subject 
to the terms and conditions of the Altera Program License 
Subscription Agreement, Altera MegaCore Function License 
Agreement, or other applicable license agreement, including, 
without limitation, that your use is for the sole purpose of 
programming logic devices manufactured by Altera and sold by 
Altera or its authorized distributors.  Please refer to the 
applicable agreement for further details.



+--------------------------------------------------------------------------------------+
; Analysis & Synthesis Summary                                                         ;
+------------------------------------+-------------------------------------------------+
; Analysis & Synthesis Status        ; Successful - Sun Nov 10 19:25:31 2019           ;
; Quartus II 64-Bit Version          ; 13.0.1 Build 232 06/12/2013 SP 1 SJ Web Edition ;
; Revision Name                      ; lift                                            ;
; Top-level Entity Name              ; lift                                            ;
; Family                             ; Cyclone II                                      ;
; Total logic elements               ; 157                                             ;
;     Total combinational functions  ; 139                                             ;
;     Dedicated logic registers      ; 83                                              ;
; Total registers                    ; 83                                              ;
; Total pins                         ; 39                                              ;
; Total virtual pins                 ; 0                                               ;
; Total memory bits                  ; 0                                               ;
; Embedded Multiplier 9-bit elements ; 0                                               ;
; Total PLLs                         ; 0                                               ;
+------------------------------------+-------------------------------------------------+


+----------------------------------------------------------------------------------------------------------------------+
; Analysis & Synthesis Settings                                                                                        ;
+----------------------------------------------------------------------------+--------------------+--------------------+
; Option                                                                     ; Setting            ; Default Value      ;
+----------------------------------------------------------------------------+--------------------+--------------------+
; Device                                                                     ; EP2C70F896C6       ;                    ;
; Top-level entity name                                                      ; lift               ; lift               ;
; Family name                                                                ; Cyclone II         ; Cyclone IV GX      ;
; Use smart compilation                                                      ; Off                ; Off                ;
; Enable parallel Assembler and TimeQuest Timing Analyzer during compilation ; On                 ; On                 ;
; Enable compact report table                                                ; Off                ; Off                ;
; Restructure Multiplexers                                                   ; Auto               ; Auto               ;
; Create Debugging Nodes for IP Cores                                        ; Off                ; Off                ;
; Preserve fewer node names                                                  ; On                 ; On                 ;
; Disable OpenCore Plus hardware evaluation                                  ; Off                ; Off                ;
; Verilog Version                                                            ; Verilog_2001       ; Verilog_2001       ;
; VHDL Version                                                               ; VHDL_1993          ; VHDL_1993          ;
; State Machine Processing                                                   ; Auto               ; Auto               ;
; Safe State Machine                                                         ; Off                ; Off                ;
; Extract Verilog State Machines                                             ; On                 ; On                 ;
; Extract VHDL State Machines                                                ; On                 ; On                 ;
; Ignore Verilog initial constructs                                          ; Off                ; Off                ;
; Iteration limit for constant Verilog loops                                 ; 5000               ; 5000               ;
; Iteration limit for non-constant Verilog loops                             ; 250                ; 250                ;
; Add Pass-Through Logic to Inferred RAMs                                    ; On                 ; On                 ;
; Infer RAMs from Raw Logic                                                  ; On                 ; On                 ;
; Parallel Synthesis                                                         ; On                 ; On                 ;
; DSP Block Balancing                                                        ; Auto               ; Auto               ;
; NOT Gate Push-Back                                                         ; On                 ; On                 ;
; Power-Up Don't Care                                                        ; On                 ; On                 ;
; Remove Redundant Logic Cells                                               ; Off                ; Off                ;
; Remove Duplicate Registers                                                 ; On                 ; On                 ;
; Ignore CARRY Buffers                                                       ; Off                ; Off                ;
; Ignore CASCADE Buffers                                                     ; Off                ; Off                ;
; Ignore GLOBAL Buffers                                                      ; Off                ; Off                ;
; Ignore ROW GLOBAL Buffers                                                  ; Off                ; Off                ;
; Ignore LCELL Buffers                                                       ; Off                ; Off                ;
; Ignore SOFT Buffers                                                        ; On                 ; On                 ;
; Limit AHDL Integers to 32 Bits                                             ; Off                ; Off                ;
; Optimization Technique                                                     ; Balanced           ; Balanced           ;
; Carry Chain Length                                                         ; 70                 ; 70                 ;
; Auto Carry Chains                                                          ; On                 ; On                 ;
; Auto Open-Drain Pins                                                       ; On                 ; On                 ;
; Perform WYSIWYG Primitive Resynthesis                                      ; Off                ; Off                ;
; Auto ROM Replacement                                                       ; On                 ; On                 ;
; Auto RAM Replacement                                                       ; On                 ; On                 ;
; Auto Shift Register Replacement                                            ; Auto               ; Auto               ;
; Allow Shift Register Merging across Hierarchies                            ; Auto               ; Auto               ;
; Auto Clock Enable Replacement                                              ; On                 ; On                 ;
; Strict RAM Replacement                                                     ; Off                ; Off                ;
; Allow Synchronous Control Signals                                          ; On                 ; On                 ;
; Force Use of Synchronous Clear Signals                                     ; Off                ; Off                ;
; Auto RAM to Logic Cell Conversion                                          ; Off                ; Off                ;
; Auto Resource Sharing                                                      ; Off                ; Off                ;
; Allow Any RAM Size For Recognition                                         ; Off                ; Off                ;
; Allow Any ROM Size For Recognition                                         ; Off                ; Off                ;
; Allow Any Shift Register Size For Recognition                              ; Off                ; Off                ;
; Use LogicLock Constraints during Resource Balancing                        ; On                 ; On                 ;
; Ignore translate_off and synthesis_off directives                          ; Off                ; Off                ;
; Timing-Driven Synthesis                                                    ; Off                ; Off                ;
; Report Parameter Settings                                                  ; On                 ; On                 ;
; Report Source Assignments                                                  ; On                 ; On                 ;
; Report Connectivity Checks                                                 ; On                 ; On                 ;
; Ignore Maximum Fan-Out Assignments                                         ; Off                ; Off                ;
; Synchronization Register Chain Length                                      ; 2                  ; 2                  ;
; PowerPlay Power Optimization                                               ; Normal compilation ; Normal compilation ;
; HDL message level                                                          ; Level2             ; Level2             ;
; Suppress Register Optimization Related Messages                            ; Off                ; Off                ;
; Number of Removed Registers Reported in Synthesis Report                   ; 5000               ; 5000               ;
; Number of Swept Nodes Reported in Synthesis Report                         ; 5000               ; 5000               ;
; Number of Inverted Registers Reported in Synthesis Report                  ; 100                ; 100                ;
; Clock MUX Protection                                                       ; On                 ; On                 ;
; Auto Gated Clock Conversion                                                ; Off                ; Off                ;
; Block Design Naming                                                        ; Auto               ; Auto               ;
; SDC constraint protection                                                  ; Off                ; Off                ;
; Synthesis Effort                                                           ; Auto               ; Auto               ;
; Shift Register Replacement - Allow Asynchronous Clear Signal               ; On                 ; On                 ;
; Pre-Mapping Resynthesis Optimization                                       ; Off                ; Off                ;
; Analysis & Synthesis Message Level                                         ; Medium             ; Medium             ;
; Disable Register Merging Across Hierarchies                                ; Auto               ; Auto               ;
; Resource Aware Inference For Block RAM                                     ; On                 ; On                 ;
; Synthesis Seed                                                             ; 1                  ; 1                  ;
+----------------------------------------------------------------------------+--------------------+--------------------+


Parallel compilation was disabled, but you have multiple processors available. Enable parallel compilation to reduce compilation time.
+-------------------------------------+
; Parallel Compilation                ;
+----------------------------+--------+
; Processors                 ; Number ;
+----------------------------+--------+
; Number detected on machine ; 4      ;
; Maximum allowed            ; 1      ;
+----------------------------+--------+


+--------------------------------------------------------------------------------------------------------------------------------------------------------------------+
; Analysis & Synthesis Source Files Read                                                                                                                             ;
+----------------------------------+-----------------+------------------------+----------------------------------------------------------------------------+---------+
; File Name with User-Entered Path ; Used in Netlist ; File Type              ; File Name with Absolute Path                                               ; Library ;
+----------------------------------+-----------------+------------------------+----------------------------------------------------------------------------+---------+
; hdl/debounce.v                   ; yes             ; User Verilog HDL File  ; C:/Users/bidnu/Documents/Verilog_Proj/Project_Lift/lift/hdl/debounce.v     ;         ;
; hdl/clkref.v                     ; yes             ; User Verilog HDL File  ; C:/Users/bidnu/Documents/Verilog_Proj/Project_Lift/lift/hdl/clkref.v       ;         ;
; hdl/lift.v                       ; yes             ; User Verilog HDL File  ; C:/Users/bidnu/Documents/Verilog_Proj/Project_Lift/lift/hdl/lift.v         ;         ;
; hdl/pb_pulse.v                   ; yes             ; User Verilog HDL File  ; C:/Users/bidnu/Documents/Verilog_Proj/Project_Lift/lift/hdl/pb_pulse.v     ;         ;
; hdl/ud_disp.v                    ; yes             ; User Verilog HDL File  ; C:/Users/bidnu/Documents/Verilog_Proj/Project_Lift/lift/hdl/ud_disp.v      ;         ;
; hdl/switch_pulse.v               ; yes             ; User Verilog HDL File  ; C:/Users/bidnu/Documents/Verilog_Proj/Project_Lift/lift/hdl/switch_pulse.v ;         ;
; hdl/debounce_sw.v                ; yes             ; User Verilog HDL File  ; C:/Users/bidnu/Documents/Verilog_Proj/Project_Lift/lift/hdl/debounce_sw.v  ;         ;
; hdl/level2_led.v                 ; yes             ; User Verilog HDL File  ; C:/Users/bidnu/Documents/Verilog_Proj/Project_Lift/lift/hdl/level2_led.v   ;         ;
; hdl/leveltg_led.v                ; yes             ; User Verilog HDL File  ; C:/Users/bidnu/Documents/Verilog_Proj/Project_Lift/lift/hdl/leveltg_led.v  ;         ;
; hdl/number_disp.v                ; yes             ; User Verilog HDL File  ; C:/Users/bidnu/Documents/Verilog_Proj/Project_Lift/lift/hdl/number_disp.v  ;         ;
; hdl/flreq.v                      ; yes             ; User Verilog HDL File  ; C:/Users/bidnu/Documents/Verilog_Proj/Project_Lift/lift/hdl/flreq.v        ;         ;
; hdl/lift_sm.v                    ; yes             ; User Verilog HDL File  ; C:/Users/bidnu/Documents/Verilog_Proj/Project_Lift/lift/hdl/lift_sm.v      ;         ;
+----------------------------------+-----------------+------------------------+----------------------------------------------------------------------------+---------+


+-----------------------------------------------------+
; Analysis & Synthesis Resource Usage Summary         ;
+---------------------------------------------+-------+
; Resource                                    ; Usage ;
+---------------------------------------------+-------+
; Estimated Total logic elements              ; 157   ;
;                                             ;       ;
; Total combinational functions               ; 139   ;
; Logic element usage by number of LUT inputs ;       ;
;     -- 4 input functions                    ; 67    ;
;     -- 3 input functions                    ; 22    ;
;     -- <=2 input functions                  ; 50    ;
;                                             ;       ;
; Logic elements by mode                      ;       ;
;     -- normal mode                          ; 110   ;
;     -- arithmetic mode                      ; 29    ;
;                                             ;       ;
; Total registers                             ; 83    ;
;     -- Dedicated logic registers            ; 83    ;
;     -- I/O registers                        ; 0     ;
;                                             ;       ;
; I/O pins                                    ; 39    ;
; Embedded Multiplier 9-bit elements          ; 0     ;
; Maximum fan-out node                        ; clk   ;
; Maximum fan-out                             ; 83    ;
; Total fan-out                               ; 749   ;
; Average fan-out                             ; 2.87  ;
+---------------------------------------------+-------+


+--------------------------------------------------------------------------------------------------------------------------------------------------------------------------------+
; Analysis & Synthesis Resource Utilization by Entity                                                                                                                            ;
+----------------------------+-------------------+--------------+-------------+--------------+---------+-----------+------+--------------+------------------------+--------------+
; Compilation Hierarchy Node ; LC Combinationals ; LC Registers ; Memory Bits ; DSP Elements ; DSP 9x9 ; DSP 18x18 ; Pins ; Virtual Pins ; Full Hierarchy Name    ; Library Name ;
+----------------------------+-------------------+--------------+-------------+--------------+---------+-----------+------+--------------+------------------------+--------------+
; |lift                      ; 139 (0)           ; 83 (0)       ; 0           ; 0            ; 0       ; 0         ; 39   ; 0            ; |lift                  ; work         ;
;    |clkref:c0|             ; 32 (32)           ; 25 (25)      ; 0           ; 0            ; 0       ; 0         ; 0    ; 0            ; |lift|clkref:c0        ; work         ;
;    |debounce:db0|          ; 2 (2)             ; 3 (3)        ; 0           ; 0            ; 0       ; 0         ; 0    ; 0            ; |lift|debounce:db0     ; work         ;
;    |debounce:db1|          ; 2 (2)             ; 3 (3)        ; 0           ; 0            ; 0       ; 0         ; 0    ; 0            ; |lift|debounce:db1     ; work         ;
;    |debounce:db2|          ; 2 (2)             ; 3 (3)        ; 0           ; 0            ; 0       ; 0         ; 0    ; 0            ; |lift|debounce:db2     ; work         ;
;    |debounce_sw:dbs0|      ; 1 (1)             ; 3 (3)        ; 0           ; 0            ; 0       ; 0         ; 0    ; 0            ; |lift|debounce_sw:dbs0 ; work         ;
;    |debounce_sw:dbs1|      ; 1 (1)             ; 3 (3)        ; 0           ; 0            ; 0       ; 0         ; 0    ; 0            ; |lift|debounce_sw:dbs1 ; work         ;
;    |debounce_sw:dbs2|      ; 1 (1)             ; 3 (3)        ; 0           ; 0            ; 0       ; 0         ; 0    ; 0            ; |lift|debounce_sw:dbs2 ; work         ;
;    |flreq:flr0|            ; 2 (2)             ; 1 (1)        ; 0           ; 0            ; 0       ; 0         ; 0    ; 0            ; |lift|flreq:flr0       ; work         ;
;    |flreq:flr1|            ; 2 (2)             ; 1 (1)        ; 0           ; 0            ; 0       ; 0         ; 0    ; 0            ; |lift|flreq:flr1       ; work         ;
;    |flreq:flr2|            ; 3 (3)             ; 1 (1)        ; 0           ; 0            ; 0       ; 0         ; 0    ; 0            ; |lift|flreq:flr2       ; work         ;
;    |level2_led:f0|         ; 6 (6)             ; 2 (2)        ; 0           ; 0            ; 0       ; 0         ; 0    ; 0            ; |lift|level2_led:f0    ; work         ;
;    |leveltg_led:tg_0|      ; 2 (2)             ; 1 (1)        ; 0           ; 0            ; 0       ; 0         ; 0    ; 0            ; |lift|leveltg_led:tg_0 ; work         ;
;    |leveltg_led:tg_2|      ; 1 (1)             ; 1 (1)        ; 0           ; 0            ; 0       ; 0         ; 0    ; 0            ; |lift|leveltg_led:tg_2 ; work         ;
;    |lift_sm:sm0|           ; 70 (70)           ; 11 (11)      ; 0           ; 0            ; 0       ; 0         ; 0    ; 0            ; |lift|lift_sm:sm0      ; work         ;
;    |number_disp:nd0|       ; 1 (1)             ; 7 (7)        ; 0           ; 0            ; 0       ; 0         ; 0    ; 0            ; |lift|number_disp:nd0  ; work         ;
;    |pb_pulse:p0|           ; 2 (2)             ; 2 (2)        ; 0           ; 0            ; 0       ; 0         ; 0    ; 0            ; |lift|pb_pulse:p0      ; work         ;
;    |pb_pulse:p1|           ; 2 (2)             ; 2 (2)        ; 0           ; 0            ; 0       ; 0         ; 0    ; 0            ; |lift|pb_pulse:p1      ; work         ;
;    |pb_pulse:p2|           ; 2 (2)             ; 2 (2)        ; 0           ; 0            ; 0       ; 0         ; 0    ; 0            ; |lift|pb_pulse:p2      ; work         ;
;    |switch_pulse:s0|       ; 1 (1)             ; 2 (2)        ; 0           ; 0            ; 0       ; 0         ; 0    ; 0            ; |lift|switch_pulse:s0  ; work         ;
;    |switch_pulse:s1|       ; 1 (1)             ; 2 (2)        ; 0           ; 0            ; 0       ; 0         ; 0    ; 0            ; |lift|switch_pulse:s1  ; work         ;
;    |switch_pulse:s2|       ; 1 (1)             ; 2 (2)        ; 0           ; 0            ; 0       ; 0         ; 0    ; 0            ; |lift|switch_pulse:s2  ; work         ;
;    |ud_disp:ud0|           ; 2 (2)             ; 3 (3)        ; 0           ; 0            ; 0       ; 0         ; 0    ; 0            ; |lift|ud_disp:ud0      ; work         ;
+----------------------------+-------------------+--------------+-------------+--------------+---------+-----------+------+--------------+------------------------+--------------+
Note: For table entries with two numbers listed, the numbers in parentheses indicate the number of resources of the given type used by the specific entity alone. The numbers listed outside of parentheses indicate the total resources of the given type used by the specific entity and all of its sub-entities in the hierarchy.


Encoding Type:  One-Hot
+----------------------------------------------------+
; State Machine - |lift|lift_sm:sm0|sm               ;
+----------+---------+----------+----------+---------+
; Name     ; sm.LVL2 ; sm.LVL1D ; sm.LVL1U ; sm.LVL0 ;
+----------+---------+----------+----------+---------+
; sm.LVL0  ; 0       ; 0        ; 0        ; 0       ;
; sm.LVL1U ; 0       ; 0        ; 1        ; 1       ;
; sm.LVL1D ; 0       ; 1        ; 0        ; 1       ;
; sm.LVL2  ; 1       ; 0        ; 0        ; 1       ;
+----------+---------+----------+----------+---------+


+---------------------------------------------------------------------------------+
; Registers Removed During Synthesis                                              ;
+----------------------------------------+----------------------------------------+
; Register name                          ; Reason for Removal                     ;
+----------------------------------------+----------------------------------------+
; ud_disp:ud0|d2[1,5]                    ; Merged with ud_disp:ud0|d2[0]          ;
; ud_disp:ud0|d1[5]                      ; Merged with ud_disp:ud0|d2[0]          ;
; ud_disp:ud0|d1[0]                      ; Merged with ud_disp:ud0|d1[7]          ;
; ud_disp:ud0|d2[3,7]                    ; Merged with ud_disp:ud0|d1[7]          ;
; ud_disp:ud0|d2[2]                      ; Merged with ud_disp:ud0|d1[6]          ;
; ud_disp:ud0|d1[1]                      ; Merged with ud_disp:ud0|d1[4]          ;
; ud_disp:ud0|d2[6]                      ; Merged with ud_disp:ud0|d1[4]          ;
; ud_disp:ud0|d1[3]                      ; Merged with ud_disp:ud0|d1[4]          ;
; ud_disp:ud0|d2[4]                      ; Merged with ud_disp:ud0|d1[4]          ;
; ud_disp:ud0|d1[2]                      ; Merged with ud_disp:ud0|d1[4]          ;
; number_disp:nd0|numdisp[1]             ; Stuck at GND due to stuck port data_in ;
; ud_disp:ud0|d1[7]                      ; Stuck at VCC due to stuck port data_in ;
; lift_sm:sm0|sm~7                       ; Lost fanout                            ;
; lift_sm:sm0|sm~8                       ; Lost fanout                            ;
; Total Number of Removed Registers = 16 ;                                        ;
+----------------------------------------+----------------------------------------+


+------------------------------------------------------+
; General Register Statistics                          ;
+----------------------------------------------+-------+
; Statistic                                    ; Value ;
+----------------------------------------------+-------+
; Total registers                              ; 83    ;
; Number of registers using Synchronous Clear  ; 0     ;
; Number of registers using Synchronous Load   ; 0     ;
; Number of registers using Asynchronous Clear ; 83    ;
; Number of registers using Asynchronous Load  ; 0     ;
; Number of registers using Clock Enable       ; 52    ;
; Number of registers using Preset             ; 0     ;
+----------------------------------------------+-------+


+---------------------------------------------------+
; Inverted Register Statistics                      ;
+-----------------------------------------+---------+
; Inverted Register                       ; Fan out ;
+-----------------------------------------+---------+
; ud_disp:ud0|d1[4]                       ; 6       ;
; ud_disp:ud0|d2[0]                       ; 4       ;
; ud_disp:ud0|d1[6]                       ; 2       ;
; debounce:db1|clean                      ; 3       ;
; debounce:db0|clean                      ; 3       ;
; debounce:db2|clean                      ; 3       ;
; debounce:db1|a                          ; 2       ;
; debounce:db1|b                          ; 1       ;
; debounce:db0|a                          ; 2       ;
; debounce:db0|b                          ; 1       ;
; debounce:db2|a                          ; 2       ;
; debounce:db2|b                          ; 1       ;
; Total number of inverted registers = 12 ;         ;
+-----------------------------------------+---------+


+------------------------------------------------------------------------------------------------------------------------------------------+
; Multiplexer Restructuring Statistics (Restructuring Performed)                                                                           ;
+--------------------+-----------+---------------+----------------------+------------------------+------------+----------------------------+
; Multiplexer Inputs ; Bus Width ; Baseline Area ; Area if Restructured ; Saving if Restructured ; Registered ; Example Multiplexer Output ;
+--------------------+-----------+---------------+----------------------+------------------------+------------+----------------------------+
; 12:1               ; 7 bits    ; 56 LEs        ; 7 LEs                ; 49 LEs                 ; Yes        ; |lift|lift_sm:sm0|ctr[4]   ;
; 3:1                ; 4 bits    ; 8 LEs         ; 4 LEs                ; 4 LEs                  ; Yes        ; |lift|ud_disp:ud0|d1[6]    ;
+--------------------+-----------+---------------+----------------------+------------------------+------------+----------------------------+


+-------------------------------------------------------------+
; Parameter Settings for User Entity Instance: clkref:c0      ;
+----------------+--------------------------+-----------------+
; Parameter Name ; Value                    ; Type            ;
+----------------+--------------------------+-----------------+
; TC             ; 111111111111111111111111 ; Unsigned Binary ;
+----------------+--------------------------+-----------------+
Note: In order to hide this table in the UI and the text report file, please set the "Show Parameter Settings in Synthesis Report" option in "Analysis and Synthesis Settings -> More Settings" to "Off".


+---------------------------------------------------------------+
; Parameter Settings for User Entity Instance: leveltg_led:tg_0 ;
+----------------+-------+--------------------------------------+
; Parameter Name ; Value ; Type                                 ;
+----------------+-------+--------------------------------------+
; INIT           ; 0     ; Unsigned Binary                      ;
; pTG            ; 1     ; Unsigned Binary                      ;
+----------------+-------+--------------------------------------+
Note: In order to hide this table in the UI and the text report file, please set the "Show Parameter Settings in Synthesis Report" option in "Analysis and Synthesis Settings -> More Settings" to "Off".


+------------------------------------------------------------+
; Parameter Settings for User Entity Instance: level2_led:f0 ;
+----------------+-------+-----------------------------------+
; Parameter Name ; Value ; Type                              ;
+----------------+-------+-----------------------------------+
; INIT           ; 00    ; Unsigned Binary                   ;
; UP             ; 10    ; Unsigned Binary                   ;
; DN             ; 01    ; Unsigned Binary                   ;
; UDN            ; 11    ; Unsigned Binary                   ;
+----------------+-------+-----------------------------------+
Note: In order to hide this table in the UI and the text report file, please set the "Show Parameter Settings in Synthesis Report" option in "Analysis and Synthesis Settings -> More Settings" to "Off".


+---------------------------------------------------------------+
; Parameter Settings for User Entity Instance: leveltg_led:tg_2 ;
+----------------+-------+--------------------------------------+
; Parameter Name ; Value ; Type                                 ;
+----------------+-------+--------------------------------------+
; INIT           ; 0     ; Unsigned Binary                      ;
; pTG            ; 1     ; Unsigned Binary                      ;
+----------------+-------+--------------------------------------+
Note: In order to hide this table in the UI and the text report file, please set the "Show Parameter Settings in Synthesis Report" option in "Analysis and Synthesis Settings -> More Settings" to "Off".


+----------------------------------------------------------+
; Parameter Settings for User Entity Instance: ud_disp:ud0 ;
+----------------+----------+------------------------------+
; Parameter Name ; Value    ; Type                         ;
+----------------+----------+------------------------------+
; uDISP          ; 11000001 ; Unsigned Binary              ;
; pDISP          ; 10001100 ; Unsigned Binary              ;
; dDISP          ; 10100001 ; Unsigned Binary              ;
; nDISP          ; 10101011 ; Unsigned Binary              ;
; dINIT          ; 11111111 ; Unsigned Binary              ;
+----------------+----------+------------------------------+
Note: In order to hide this table in the UI and the text report file, please set the "Show Parameter Settings in Synthesis Report" option in "Analysis and Synthesis Settings -> More Settings" to "Off".


+--------------------------------------------------------------+
; Parameter Settings for User Entity Instance: number_disp:nd0 ;
+----------------+----------+----------------------------------+
; Parameter Name ; Value    ; Type                             ;
+----------------+----------+----------------------------------+
; gDISP          ; 11000000 ; Unsigned Binary                  ;
; oDISP          ; 11111001 ; Unsigned Binary                  ;
; tDISP          ; 10100100 ; Unsigned Binary                  ;
; nINIT          ; 11111111 ; Unsigned Binary                  ;
+----------------+----------+----------------------------------+
Note: In order to hide this table in the UI and the text report file, please set the "Show Parameter Settings in Synthesis Report" option in "Analysis and Synthesis Settings -> More Settings" to "Off".


+----------------------------------------------------------+
; Parameter Settings for User Entity Instance: lift_sm:sm0 ;
+----------------+-------+---------------------------------+
; Parameter Name ; Value ; Type                            ;
+----------------+-------+---------------------------------+
; ct_tc          ; 10    ; Signed Integer                  ;
; LVL0           ; 00    ; Unsigned Binary                 ;
; LVL1U          ; 01    ; Unsigned Binary                 ;
; LVL1D          ; 10    ; Unsigned Binary                 ;
; LVL2           ; 11    ; Unsigned Binary                 ;
; GND            ; 00    ; Unsigned Binary                 ;
; ONE            ; 01    ; Unsigned Binary                 ;
; TWO            ; 10    ; Unsigned Binary                 ;
+----------------+-------+---------------------------------+
Note: In order to hide this table in the UI and the text report file, please set the "Show Parameter Settings in Synthesis Report" option in "Analysis and Synthesis Settings -> More Settings" to "Off".


+-------------------------------+
; Elapsed Time Per Partition    ;
+----------------+--------------+
; Partition Name ; Elapsed Time ;
+----------------+--------------+
; Top            ; 00:00:01     ;
+----------------+--------------+


+-------------------------------+
; Analysis & Synthesis Messages ;
+-------------------------------+
Info: *******************************************************************
Info: Running Quartus II 64-Bit Analysis & Synthesis
    Info: Version 13.0.1 Build 232 06/12/2013 Service Pack 1 SJ Web Edition
    Info: Processing started: Sun Nov 10 19:25:26 2019
Info: Command: quartus_map --read_settings_files=on --write_settings_files=off lift -c lift
Warning (20028): Parallel compilation is not licensed and has been disabled
Info (12021): Found 1 design units, including 1 entities, in source file hdl/debounce.v
    Info (12023): Found entity 1: debounce
Info (12021): Found 1 design units, including 1 entities, in source file hdl/clkref.v
    Info (12023): Found entity 1: clkref
Info (12021): Found 1 design units, including 1 entities, in source file hdl/lift.v
    Info (12023): Found entity 1: lift
Info (12021): Found 1 design units, including 1 entities, in source file hdl/pb_pulse.v
    Info (12023): Found entity 1: pb_pulse
Info (12021): Found 1 design units, including 1 entities, in source file hdl/ud_disp.v
    Info (12023): Found entity 1: ud_disp
Info (12021): Found 1 design units, including 1 entities, in source file hdl/switch_pulse.v
    Info (12023): Found entity 1: switch_pulse
Info (12021): Found 1 design units, including 1 entities, in source file hdl/debounce_sw.v
    Info (12023): Found entity 1: debounce_sw
Info (12021): Found 1 design units, including 1 entities, in source file hdl/level2_led.v
    Info (12023): Found entity 1: level2_led
Info (12021): Found 1 design units, including 1 entities, in source file hdl/leveltg_led.v
    Info (12023): Found entity 1: leveltg_led
Info (12021): Found 1 design units, including 1 entities, in source file hdl/number_disp.v
    Info (12023): Found entity 1: number_disp
Info (12021): Found 1 design units, including 1 entities, in source file hdl/flreq.v
    Info (12023): Found entity 1: flreq
Info (12021): Found 1 design units, including 1 entities, in source file hdl/lift_sm.v
    Info (12023): Found entity 1: lift_sm
Info (12127): Elaborating entity "lift" for the top level hierarchy
Info (12128): Elaborating entity "clkref" for hierarchy "clkref:c0"
Info (12128): Elaborating entity "debounce" for hierarchy "debounce:db0"
Info (12128): Elaborating entity "pb_pulse" for hierarchy "pb_pulse:p0"
Info (12128): Elaborating entity "debounce_sw" for hierarchy "debounce_sw:dbs0"
Info (12128): Elaborating entity "switch_pulse" for hierarchy "switch_pulse:s0"
Info (12128): Elaborating entity "leveltg_led" for hierarchy "leveltg_led:tg_0"
Info (12128): Elaborating entity "level2_led" for hierarchy "level2_led:f0"
Info (12128): Elaborating entity "flreq" for hierarchy "flreq:flr0"
Info (12128): Elaborating entity "ud_disp" for hierarchy "ud_disp:ud0"
Info (12128): Elaborating entity "number_disp" for hierarchy "number_disp:nd0"
Info (12128): Elaborating entity "lift_sm" for hierarchy "lift_sm:sm0"
Info (13000): Registers with preset signals will power-up high
Info (13003): DEV_CLRn pin will set, and not reset, register with preset signal due to NOT Gate Push-Back
Warning (13024): Output pins are stuck at VCC or GND
    Warning (13410): Pin "d1[0]" is stuck at VCC
    Warning (13410): Pin "d1[7]" is stuck at VCC
    Warning (13410): Pin "d2[3]" is stuck at VCC
    Warning (13410): Pin "d2[7]" is stuck at VCC
    Warning (13410): Pin "numdisp[1]" is stuck at GND
Info (17049): 2 registers lost all their fanouts during netlist optimizations.
Info (144001): Generated suppressed messages file C:/Users/bidnu/Documents/Verilog_Proj/Project_Lift/lift/output_files/lift.map.smsg
Info (16010): Generating hard_block partition "hard_block:auto_generated_inst"
    Info (16011): Adding 0 node(s), including 0 DDIO, 0 PLL, 0 transceiver and 0 LCELL
Info (21057): Implemented 198 device resources after synthesis - the final resource count might be different
    Info (21058): Implemented 8 input pins
    Info (21059): Implemented 31 output pins
    Info (21061): Implemented 159 logic cells
Info: Quartus II 64-Bit Analysis & Synthesis was successful. 0 errors, 7 warnings
    Info: Peak virtual memory: 4605 megabytes
    Info: Processing ended: Sun Nov 10 19:25:31 2019
    Info: Elapsed time: 00:00:05
    Info: Total CPU time (on all processors): 00:00:04


+------------------------------------------+
; Analysis & Synthesis Suppressed Messages ;
+------------------------------------------+
The suppressed messages can be found in C:/Users/bidnu/Documents/Verilog_Proj/Project_Lift/lift/output_files/lift.map.smsg.


